<?xml version="1.0" encoding="UTF-8"?>
<coverage generated="1557087509">
  <project timestamp="1557087509">
    <file name="C:\work\ccg\app\Ccg.php">
      <class name="Ccg" namespace="global">
        <metrics complexity="12" methods="3" coveredmethods="0" conditionals="0" coveredconditionals="0" statements="70" coveredstatements="0" elements="73" coveredelements="0"/>
      </class>
      <line num="22" type="method" name="__construct" complexity="1" crap="2.00" count="0"/>
      <line num="23" type="stmt" count="0"/>
      <line num="24" type="stmt" count="0"/>
      <line num="25" type="stmt" count="0"/>
      <line num="26" type="stmt" count="0"/>
      <line num="27" type="stmt" count="0"/>
      <line num="28" type="stmt" count="0"/>
      <line num="29" type="stmt" count="0"/>
      <line num="30" type="stmt" count="0"/>
      <line num="31" type="stmt" count="0"/>
      <line num="33" type="method" name="generate" visibility="public" complexity="5" crap="30.00" count="0"/>
      <line num="34" type="stmt" count="0"/>
      <line num="35" type="stmt" count="0"/>
      <line num="36" type="stmt" count="0"/>
      <line num="37" type="stmt" count="0"/>
      <line num="39" type="stmt" count="0"/>
      <line num="40" type="stmt" count="0"/>
      <line num="41" type="stmt" count="0"/>
      <line num="43" type="stmt" count="0"/>
      <line num="44" type="stmt" count="0"/>
      <line num="45" type="stmt" count="0"/>
      <line num="47" type="stmt" count="0"/>
      <line num="48" type="stmt" count="0"/>
      <line num="49" type="stmt" count="0"/>
      <line num="50" type="stmt" count="0"/>
      <line num="51" type="stmt" count="0"/>
      <line num="52" type="stmt" count="0"/>
      <line num="54" type="stmt" count="0"/>
      <line num="55" type="stmt" count="0"/>
      <line num="56" type="stmt" count="0"/>
      <line num="57" type="stmt" count="0"/>
      <line num="58" type="stmt" count="0"/>
      <line num="59" type="stmt" count="0"/>
      <line num="61" type="stmt" count="0"/>
      <line num="62" type="stmt" count="0"/>
      <line num="64" type="method" name="autocomplete" visibility="public" complexity="6" crap="42.00" count="0"/>
      <line num="65" type="stmt" count="0"/>
      <line num="66" type="stmt" count="0"/>
      <line num="67" type="stmt" count="0"/>
      <line num="68" type="stmt" count="0"/>
      <line num="69" type="stmt" count="0"/>
      <line num="70" type="stmt" count="0"/>
      <line num="75" type="stmt" count="0"/>
      <line num="76" type="stmt" count="0"/>
      <line num="77" type="stmt" count="0"/>
      <line num="78" type="stmt" count="0"/>
      <line num="79" type="stmt" count="0"/>
      <line num="81" type="stmt" count="0"/>
      <line num="88" type="stmt" count="0"/>
      <line num="89" type="stmt" count="0"/>
      <line num="90" type="stmt" count="0"/>
      <line num="91" type="stmt" count="0"/>
      <line num="92" type="stmt" count="0"/>
      <line num="93" type="stmt" count="0"/>
      <line num="94" type="stmt" count="0"/>
      <line num="96" type="stmt" count="0"/>
      <line num="97" type="stmt" count="0"/>
      <line num="99" type="stmt" count="0"/>
      <line num="100" type="stmt" count="0"/>
      <line num="101" type="stmt" count="0"/>
      <line num="104" type="stmt" count="0"/>
      <line num="105" type="stmt" count="0"/>
      <line num="107" type="stmt" count="0"/>
      <line num="108" type="stmt" count="0"/>
      <line num="110" type="stmt" count="0"/>
      <line num="111" type="stmt" count="0"/>
      <line num="113" type="stmt" count="0"/>
      <line num="114" type="stmt" count="0"/>
      <line num="115" type="stmt" count="0"/>
      <line num="116" type="stmt" count="0"/>
      <line num="121" type="stmt" count="0"/>
      <line num="122" type="stmt" count="0"/>
      <line num="123" type="stmt" count="0"/>
      <metrics loc="124" ncloc="101" classes="1" methods="3" coveredmethods="0" conditionals="0" coveredconditionals="0" statements="70" coveredstatements="0" elements="73" coveredelements="0"/>
    </file>
    <file name="C:\work\ccg\app\Config.php">
      <class name="Config" namespace="global">
        <metrics complexity="11" methods="6" coveredmethods="4" conditionals="0" coveredconditionals="0" statements="22" coveredstatements="20" elements="28" coveredelements="24"/>
      </class>
      <line num="8" type="method" name="__construct" complexity="2" crap="2" count="11"/>
      <line num="10" type="stmt" count="11"/>
      <line num="12" type="stmt" count="11"/>
      <line num="14" type="stmt" count="6"/>
      <line num="15" type="stmt" count="6"/>
      <line num="18" type="stmt" count="6"/>
      <line num="19" type="stmt" count="11"/>
      <line num="21" type="stmt" count="11"/>
      <line num="22" type="stmt" count="9"/>
      <line num="24" type="stmt" count="11"/>
      <line num="26" type="method" name="set" visibility="public" complexity="1" crap="1" count="11"/>
      <line num="28" type="stmt" count="11"/>
      <line num="29" type="stmt" count="11"/>
      <line num="31" type="method" name="get" visibility="public" complexity="3" crap="3" count="6"/>
      <line num="33" type="stmt" count="6"/>
      <line num="34" type="stmt" count="6"/>
      <line num="37" type="stmt" count="2"/>
      <line num="38" type="stmt" count="6"/>
      <line num="41" type="method" name="getOr" visibility="public" complexity="3" crap="3.07" count="3"/>
      <line num="43" type="stmt" count="3"/>
      <line num="44" type="stmt" count="3"/>
      <line num="46" type="stmt" count="3"/>
      <line num="47" type="stmt" count="3"/>
      <line num="51" type="stmt" count="0"/>
      <line num="54" type="method" name="getAll" visibility="public" complexity="1" crap="1" count="1"/>
      <line num="56" type="stmt" count="1"/>
      <line num="59" type="method" name="getSystemKeys" visibility="public" complexity="1" crap="2.00" count="0"/>
      <line num="61" type="stmt" count="0"/>
      <metrics loc="63" ncloc="63" classes="1" methods="6" coveredmethods="4" conditionals="0" coveredconditionals="0" statements="22" coveredstatements="20" elements="28" coveredelements="24"/>
    </file>
    <file name="C:\work\ccg\app\Diff.php">
      <class name="Diff" namespace="global">
        <metrics complexity="47" methods="8" coveredmethods="0" conditionals="0" coveredconditionals="0" statements="170" coveredstatements="0" elements="178" coveredelements="0"/>
      </class>
      <line num="36" type="method" name="compare" visibility="public" complexity="12" crap="156.00" count="0"/>
      <line num="37" type="stmt" count="0"/>
      <line num="40" type="stmt" count="0"/>
      <line num="41" type="stmt" count="0"/>
      <line num="42" type="stmt" count="0"/>
      <line num="43" type="stmt" count="0"/>
      <line num="44" type="stmt" count="0"/>
      <line num="45" type="stmt" count="0"/>
      <line num="46" type="stmt" count="0"/>
      <line num="47" type="stmt" count="0"/>
      <line num="48" type="stmt" count="0"/>
      <line num="49" type="stmt" count="0"/>
      <line num="50" type="stmt" count="0"/>
      <line num="51" type="stmt" count="0"/>
      <line num="54" type="stmt" count="0"/>
      <line num="55" type="stmt" count="0"/>
      <line num="56" type="stmt" count="0"/>
      <line num="57" type="stmt" count="0"/>
      <line num="60" type="stmt" count="0"/>
      <line num="61" type="stmt" count="0"/>
      <line num="62" type="stmt" count="0"/>
      <line num="63" type="stmt" count="0"/>
      <line num="64" type="stmt" count="0"/>
      <line num="67" type="stmt" count="0"/>
      <line num="70" type="stmt" count="0"/>
      <line num="71" type="stmt" count="0"/>
      <line num="74" type="stmt" count="0"/>
      <line num="75" type="stmt" count="0"/>
      <line num="76" type="stmt" count="0"/>
      <line num="77" type="stmt" count="0"/>
      <line num="78" type="stmt" count="0"/>
      <line num="79" type="stmt" count="0"/>
      <line num="80" type="stmt" count="0"/>
      <line num="81" type="stmt" count="0"/>
      <line num="82" type="stmt" count="0"/>
      <line num="83" type="stmt" count="0"/>
      <line num="86" type="stmt" count="0"/>
      <line num="88" type="stmt" count="0"/>
      <line num="97" type="method" name="compareFiles" visibility="public" complexity="1" crap="2.00" count="0"/>
      <line num="98" type="stmt" count="0"/>
      <line num="101" type="stmt" count="0"/>
      <line num="102" type="stmt" count="0"/>
      <line num="103" type="stmt" count="0"/>
      <line num="104" type="stmt" count="0"/>
      <line num="106" type="stmt" count="0"/>
      <line num="117" type="method" name="computeTable" visibility="private" complexity="4" crap="20.00" count="0"/>
      <line num="118" type="stmt" count="0"/>
      <line num="121" type="stmt" count="0"/>
      <line num="122" type="stmt" count="0"/>
      <line num="125" type="stmt" count="0"/>
      <line num="128" type="stmt" count="0"/>
      <line num="131" type="stmt" count="0"/>
      <line num="134" type="stmt" count="0"/>
      <line num="137" type="stmt" count="0"/>
      <line num="138" type="stmt" count="0"/>
      <line num="139" type="stmt" count="0"/>
      <line num="140" type="stmt" count="0"/>
      <line num="141" type="stmt" count="0"/>
      <line num="142" type="stmt" count="0"/>
      <line num="143" type="stmt" count="0"/>
      <line num="145" type="stmt" count="0"/>
      <line num="146" type="stmt" count="0"/>
      <line num="149" type="stmt" count="0"/>
      <line num="151" type="stmt" count="0"/>
      <line num="161" type="method" name="generatePartialDiff" visibility="private" complexity="8" crap="72.00" count="0"/>
      <line num="162" type="stmt" count="0"/>
      <line num="165" type="stmt" count="0"/>
      <line num="168" type="stmt" count="0"/>
      <line num="169" type="stmt" count="0"/>
      <line num="172" type="stmt" count="0"/>
      <line num="175" type="stmt" count="0"/>
      <line num="176" type="stmt" count="0"/>
      <line num="177" type="stmt" count="0"/>
      <line num="180" type="stmt" count="0"/>
      <line num="181" type="stmt" count="0"/>
      <line num="182" type="stmt" count="0"/>
      <line num="184" type="stmt" count="0"/>
      <line num="185" type="stmt" count="0"/>
      <line num="188" type="stmt" count="0"/>
      <line num="189" type="stmt" count="0"/>
      <line num="191" type="stmt" count="0"/>
      <line num="194" type="stmt" count="0"/>
      <line num="195" type="stmt" count="0"/>
      <line num="197" type="stmt" count="0"/>
      <line num="199" type="stmt" count="0"/>
      <line num="202" type="stmt" count="0"/>
      <line num="204" type="stmt" count="0"/>
      <line num="214" type="method" name="toString" visibility="public" complexity="5" crap="30.00" count="0"/>
      <line num="217" type="stmt" count="0"/>
      <line num="220" type="stmt" count="0"/>
      <line num="223" type="stmt" count="0"/>
      <line num="224" type="stmt" count="0"/>
      <line num="225" type="stmt" count="0"/>
      <line num="226" type="stmt" count="0"/>
      <line num="227" type="stmt" count="0"/>
      <line num="230" type="stmt" count="0"/>
      <line num="232" type="stmt" count="0"/>
      <line num="235" type="stmt" count="0"/>
      <line num="237" type="stmt" count="0"/>
      <line num="247" type="method" name="toHTML" visibility="public" complexity="5" crap="30.00" count="0"/>
      <line num="250" type="stmt" count="0"/>
      <line num="253" type="stmt" count="0"/>
      <line num="256" type="stmt" count="0"/>
      <line num="257" type="stmt" count="0"/>
      <line num="258" type="stmt" count="0"/>
      <line num="259" type="stmt" count="0"/>
      <line num="260" type="stmt" count="0"/>
      <line num="261" type="stmt" count="0"/>
      <line num="262" type="stmt" count="0"/>
      <line num="263" type="stmt" count="0"/>
      <line num="264" type="stmt" count="0"/>
      <line num="267" type="stmt" count="0"/>
      <line num="269" type="stmt" count="0"/>
      <line num="272" type="stmt" count="0"/>
      <line num="274" type="stmt" count="0"/>
      <line num="284" type="method" name="toTable" visibility="public" complexity="9" crap="90.00" count="0"/>
      <line num="287" type="stmt" count="0"/>
      <line num="290" type="stmt" count="0"/>
      <line num="291" type="stmt" count="0"/>
      <line num="294" type="stmt" count="0"/>
      <line num="297" type="stmt" count="0"/>
      <line num="298" type="stmt" count="0"/>
      <line num="299" type="stmt" count="0"/>
      <line num="300" type="stmt" count="0"/>
      <line num="301" type="stmt" count="0"/>
      <line num="302" type="stmt" count="0"/>
      <line num="305" type="stmt" count="0"/>
      <line num="306" type="stmt" count="0"/>
      <line num="307" type="stmt" count="0"/>
      <line num="308" type="stmt" count="0"/>
      <line num="309" type="stmt" count="0"/>
      <line num="310" type="stmt" count="0"/>
      <line num="311" type="stmt" count="0"/>
      <line num="312" type="stmt" count="0"/>
      <line num="315" type="stmt" count="0"/>
      <line num="316" type="stmt" count="0"/>
      <line num="317" type="stmt" count="0"/>
      <line num="318" type="stmt" count="0"/>
      <line num="319" type="stmt" count="0"/>
      <line num="320" type="stmt" count="0"/>
      <line num="322" type="stmt" count="0"/>
      <line num="325" type="stmt" count="0"/>
      <line num="326" type="stmt" count="0"/>
      <line num="327" type="stmt" count="0"/>
      <line num="328" type="stmt" count="0"/>
      <line num="329" type="stmt" count="0"/>
      <line num="330" type="stmt" count="0"/>
      <line num="331" type="stmt" count="0"/>
      <line num="332" type="stmt" count="0"/>
      <line num="333" type="stmt" count="0"/>
      <line num="334" type="stmt" count="0"/>
      <line num="335" type="stmt" count="0"/>
      <line num="336" type="stmt" count="0"/>
      <line num="337" type="stmt" count="0"/>
      <line num="338" type="stmt" count="0"/>
      <line num="339" type="stmt" count="0"/>
      <line num="340" type="stmt" count="0"/>
      <line num="341" type="stmt" count="0"/>
      <line num="342" type="stmt" count="0"/>
      <line num="343" type="stmt" count="0"/>
      <line num="344" type="stmt" count="0"/>
      <line num="345" type="stmt" count="0"/>
      <line num="347" type="stmt" count="0"/>
      <line num="350" type="stmt" count="0"/>
      <line num="352" type="stmt" count="0"/>
      <line num="363" type="method" name="getCellContent" visibility="private" complexity="3" crap="12.00" count="0"/>
      <line num="364" type="stmt" count="0"/>
      <line num="367" type="stmt" count="0"/>
      <line num="370" type="stmt" count="0"/>
      <line num="371" type="stmt" count="0"/>
      <line num="372" type="stmt" count="0"/>
      <line num="373" type="stmt" count="0"/>
      <line num="374" type="stmt" count="0"/>
      <line num="375" type="stmt" count="0"/>
      <line num="376" type="stmt" count="0"/>
      <line num="377" type="stmt" count="0"/>
      <line num="380" type="stmt" count="0"/>
      <line num="382" type="stmt" count="0"/>
      <metrics loc="384" ncloc="211" classes="1" methods="8" coveredmethods="0" conditionals="0" coveredconditionals="0" statements="170" coveredstatements="0" elements="178" coveredelements="0"/>
    </file>
    <package name="controllers">
      <file name="C:\work\ccg\app\controllers\AbstractController.php">
        <class name="controllers\AbstractController" namespace="controllers">
          <metrics complexity="2" methods="1" coveredmethods="0" conditionals="0" coveredconditionals="0" statements="9" coveredstatements="0" elements="10" coveredelements="0"/>
        </class>
        <line num="11" type="method" name="__construct" complexity="1" crap="2.00" count="0"/>
        <line num="12" type="stmt" count="0"/>
        <line num="13" type="stmt" count="0"/>
        <line num="14" type="stmt" count="0"/>
        <line num="15" type="stmt" count="0"/>
        <line num="16" type="stmt" count="0"/>
        <line num="17" type="stmt" count="0"/>
        <line num="18" type="stmt" count="0"/>
        <line num="19" type="stmt" count="0"/>
        <line num="20" type="stmt" count="0"/>
        <metrics loc="26" ncloc="23" classes="1" methods="1" coveredmethods="0" conditionals="0" coveredconditionals="0" statements="9" coveredstatements="0" elements="10" coveredelements="0"/>
      </file>
      <file name="C:\work\ccg\app\controllers\Addon.php">
        <class name="controllers\Addon" namespace="controllers">
          <metrics complexity="10" methods="6" coveredmethods="0" conditionals="0" coveredconditionals="0" statements="85" coveredstatements="0" elements="91" coveredelements="0"/>
        </class>
        <line num="28" type="method" name="__construct" complexity="1" crap="2.00" count="0"/>
        <line num="29" type="stmt" count="0"/>
        <line num="30" type="stmt" count="0"/>
        <line num="31" type="stmt" count="0"/>
        <line num="32" type="stmt" count="0"/>
        <line num="33" type="stmt" count="0"/>
        <line num="34" type="stmt" count="0"/>
        <line num="35" type="stmt" count="0"/>
        <line num="36" type="stmt" count="0"/>
        <line num="38" type="stmt" count="0"/>
        <line num="39" type="stmt" count="0"/>
        <line num="40" type="stmt" count="0"/>
        <line num="42" type="stmt" count="0"/>
        <line num="44" type="stmt" count="0"/>
        <line num="45" type="stmt" count="0"/>
        <line num="46" type="stmt" count="0"/>
        <line num="47" type="stmt" count="0"/>
        <line num="49" type="stmt" count="0"/>
        <line num="50" type="stmt" count="0"/>
        <line num="51" type="stmt" count="0"/>
        <line num="52" type="stmt" count="0"/>
        <line num="53" type="stmt" count="0"/>
        <line num="54" type="stmt" count="0"/>
        <line num="59" type="method" name="getAllowedMethods" visibility="public" complexity="1" crap="2.00" count="0"/>
        <line num="60" type="stmt" count="0"/>
        <line num="61" type="stmt" count="0"/>
        <line num="62" type="stmt" count="0"/>
        <line num="70" type="method" name="create" visibility="public" complexity="1" crap="2.00" count="0"/>
        <line num="71" type="stmt" count="0"/>
        <line num="72" type="stmt" count="0"/>
        <line num="73" type="stmt" count="0"/>
        <line num="74" type="stmt" count="0"/>
        <line num="75" type="stmt" count="0"/>
        <line num="76" type="stmt" count="0"/>
        <line num="78" type="stmt" count="0"/>
        <line num="79" type="stmt" count="0"/>
        <line num="80" type="stmt" count="0"/>
        <line num="81" type="stmt" count="0"/>
        <line num="83" type="stmt" count="0"/>
        <line num="84" type="stmt" count="0"/>
        <line num="85" type="stmt" count="0"/>
        <line num="86" type="stmt" count="0"/>
        <line num="88" type="stmt" count="0"/>
        <line num="90" type="stmt" count="0"/>
        <line num="91" type="stmt" count="0"/>
        <line num="92" type="stmt" count="0"/>
        <line num="93" type="stmt" count="0"/>
        <line num="94" type="stmt" count="0"/>
        <line num="95" type="stmt" count="0"/>
        <line num="102" type="method" name="remove" visibility="public" complexity="2" crap="6.00" count="0"/>
        <line num="103" type="stmt" count="0"/>
        <line num="104" type="stmt" count="0"/>
        <line num="105" type="stmt" count="0"/>
        <line num="107" type="stmt" count="0"/>
        <line num="108" type="stmt" count="0"/>
        <line num="110" type="stmt" count="0"/>
        <line num="112" type="stmt" count="0"/>
        <line num="113" type="stmt" count="0"/>
        <line num="114" type="stmt" count="0"/>
        <line num="116" type="stmt" count="0"/>
        <line num="117" type="stmt" count="0"/>
        <line num="118" type="stmt" count="0"/>
        <line num="119" type="stmt" count="0"/>
        <line num="124" type="method" name="createAutocomplete" visibility="public" complexity="2" crap="6.00" count="0"/>
        <line num="125" type="stmt" count="0"/>
        <line num="126" type="stmt" count="0"/>
        <line num="127" type="stmt" count="0"/>
        <line num="128" type="stmt" count="0"/>
        <line num="130" type="stmt" count="0"/>
        <line num="131" type="stmt" count="0"/>
        <line num="135" type="method" name="removeAutocomplete" visibility="public" complexity="3" crap="12.00" count="0"/>
        <line num="136" type="stmt" count="0"/>
        <line num="137" type="stmt" count="0"/>
        <line num="138" type="stmt" count="0"/>
        <line num="139" type="stmt" count="0"/>
        <line num="141" type="stmt" count="0"/>
        <line num="142" type="stmt" count="0"/>
        <line num="143" type="stmt" count="0"/>
        <line num="144" type="stmt" count="0"/>
        <line num="146" type="stmt" count="0"/>
        <line num="149" type="stmt" count="0"/>
        <line num="150" type="stmt" count="0"/>
        <line num="151" type="stmt" count="0"/>
        <line num="152" type="stmt" count="0"/>
        <line num="153" type="stmt" count="0"/>
        <line num="157" type="stmt" count="0"/>
        <line num="158" type="stmt" count="0"/>
        <line num="159" type="stmt" count="0"/>
        <line num="161" type="stmt" count="0"/>
        <line num="162" type="stmt" count="0"/>
        <line num="163" type="stmt" count="0"/>
        <metrics loc="164" ncloc="141" classes="1" methods="6" coveredmethods="0" conditionals="0" coveredconditionals="0" statements="85" coveredstatements="0" elements="91" coveredelements="0"/>
      </file>
      <file name="C:\work\ccg\app\controllers\AddonXml.php">
        <class name="controllers\AddonXml" namespace="controllers">
          <metrics complexity="10" methods="5" coveredmethods="0" conditionals="0" coveredconditionals="0" statements="91" coveredstatements="0" elements="96" coveredelements="0"/>
        </class>
        <line num="30" type="method" name="__construct" complexity="1" crap="2.00" count="0"/>
        <line num="31" type="stmt" count="0"/>
        <line num="32" type="stmt" count="0"/>
        <line num="33" type="stmt" count="0"/>
        <line num="34" type="stmt" count="0"/>
        <line num="35" type="stmt" count="0"/>
        <line num="36" type="stmt" count="0"/>
        <line num="37" type="stmt" count="0"/>
        <line num="38" type="stmt" count="0"/>
        <line num="40" type="stmt" count="0"/>
        <line num="41" type="stmt" count="0"/>
        <line num="42" type="stmt" count="0"/>
        <line num="44" type="stmt" count="0"/>
        <line num="45" type="stmt" count="0"/>
        <line num="46" type="stmt" count="0"/>
        <line num="48" type="stmt" count="0"/>
        <line num="49" type="stmt" count="0"/>
        <line num="50" type="stmt" count="0"/>
        <line num="51" type="stmt" count="0"/>
        <line num="52" type="stmt" count="0"/>
        <line num="57" type="method" name="getAllowedMethods" visibility="public" complexity="1" crap="2.00" count="0"/>
        <line num="58" type="stmt" count="0"/>
        <line num="59" type="stmt" count="0"/>
        <line num="60" type="stmt" count="0"/>
        <line num="68" type="method" name="create" visibility="public" complexity="1" crap="2.00" count="0"/>
        <line num="69" type="stmt" count="0"/>
        <line num="70" type="stmt" count="0"/>
        <line num="71" type="stmt" count="0"/>
        <line num="73" type="stmt" count="0"/>
        <line num="74" type="stmt" count="0"/>
        <line num="75" type="stmt" count="0"/>
        <line num="77" type="stmt" count="0"/>
        <line num="78" type="stmt" count="0"/>
        <line num="80" type="stmt" count="0"/>
        <line num="81" type="stmt" count="0"/>
        <line num="82" type="stmt" count="0"/>
        <line num="87" type="stmt" count="0"/>
        <line num="88" type="stmt" count="0"/>
        <line num="89" type="stmt" count="0"/>
        <line num="90" type="stmt" count="0"/>
        <line num="91" type="stmt" count="0"/>
        <line num="99" type="method" name="remove" visibility="public" complexity="1" crap="2.00" count="0"/>
        <line num="100" type="stmt" count="0"/>
        <line num="101" type="stmt" count="0"/>
        <line num="102" type="stmt" count="0"/>
        <line num="103" type="stmt" count="0"/>
        <line num="104" type="stmt" count="0"/>
        <line num="105" type="stmt" count="0"/>
        <line num="106" type="stmt" count="0"/>
        <line num="108" type="stmt" count="0"/>
        <line num="109" type="stmt" count="0"/>
        <line num="110" type="stmt" count="0"/>
        <line num="111" type="stmt" count="0"/>
        <line num="112" type="stmt" count="0"/>
        <line num="132" type="method" name="update" visibility="public" complexity="6" crap="42.00" count="0"/>
        <line num="133" type="stmt" count="0"/>
        <line num="134" type="stmt" count="0"/>
        <line num="135" type="stmt" count="0"/>
        <line num="136" type="stmt" count="0"/>
        <line num="138" type="stmt" count="0"/>
        <line num="140" type="stmt" count="0"/>
        <line num="141" type="stmt" count="0"/>
        <line num="143" type="stmt" count="0"/>
        <line num="144" type="stmt" count="0"/>
        <line num="145" type="stmt" count="0"/>
        <line num="147" type="stmt" count="0"/>
        <line num="148" type="stmt" count="0"/>
        <line num="149" type="stmt" count="0"/>
        <line num="150" type="stmt" count="0"/>
        <line num="151" type="stmt" count="0"/>
        <line num="152" type="stmt" count="0"/>
        <line num="153" type="stmt" count="0"/>
        <line num="154" type="stmt" count="0"/>
        <line num="155" type="stmt" count="0"/>
        <line num="156" type="stmt" count="0"/>
        <line num="157" type="stmt" count="0"/>
        <line num="158" type="stmt" count="0"/>
        <line num="159" type="stmt" count="0"/>
        <line num="160" type="stmt" count="0"/>
        <line num="162" type="stmt" count="0"/>
        <line num="164" type="stmt" count="0"/>
        <line num="165" type="stmt" count="0"/>
        <line num="166" type="stmt" count="0"/>
        <line num="167" type="stmt" count="0"/>
        <line num="168" type="stmt" count="0"/>
        <line num="169" type="stmt" count="0"/>
        <line num="170" type="stmt" count="0"/>
        <line num="171" type="stmt" count="0"/>
        <line num="173" type="stmt" count="0"/>
        <line num="174" type="stmt" count="0"/>
        <line num="175" type="stmt" count="0"/>
        <line num="178" type="stmt" count="0"/>
        <line num="179" type="stmt" count="0"/>
        <line num="180" type="stmt" count="0"/>
        <line num="181" type="stmt" count="0"/>
        <line num="182" type="stmt" count="0"/>
        <metrics loc="183" ncloc="147" classes="1" methods="5" coveredmethods="0" conditionals="0" coveredconditionals="0" statements="91" coveredstatements="0" elements="96" coveredelements="0"/>
      </file>
      <file name="C:\work\ccg\app\controllers\Help.php">
        <class name="controllers\Help" namespace="controllers">
          <metrics complexity="3" methods="3" coveredmethods="0" conditionals="0" coveredconditionals="0" statements="15" coveredstatements="0" elements="18" coveredelements="0"/>
        </class>
        <line num="25" type="method" name="__construct" complexity="1" crap="2.00" count="0"/>
        <line num="26" type="stmt" count="0"/>
        <line num="27" type="stmt" count="0"/>
        <line num="28" type="stmt" count="0"/>
        <line num="29" type="stmt" count="0"/>
        <line num="30" type="stmt" count="0"/>
        <line num="31" type="stmt" count="0"/>
        <line num="32" type="stmt" count="0"/>
        <line num="33" type="stmt" count="0"/>
        <line num="34" type="stmt" count="0"/>
        <line num="39" type="method" name="getAllowedMethods" visibility="public" complexity="1" crap="2.00" count="0"/>
        <line num="40" type="stmt" count="0"/>
        <line num="41" type="stmt" count="0"/>
        <line num="42" type="stmt" count="0"/>
        <line num="50" type="method" name="index" visibility="public" complexity="1" crap="2.00" count="0"/>
        <line num="51" type="stmt" count="0"/>
        <line num="52" type="stmt" count="0"/>
        <line num="53" type="stmt" count="0"/>
        <metrics loc="54" ncloc="45" classes="1" methods="3" coveredmethods="0" conditionals="0" coveredconditionals="0" statements="15" coveredstatements="0" elements="18" coveredelements="0"/>
      </file>
      <file name="C:\work\ccg\app\controllers\HelpTrait.php">
        <class name="HelpTrait" namespace="controllers">
          <metrics complexity="9" methods="5" coveredmethods="0" conditionals="0" coveredconditionals="0" statements="54" coveredstatements="0" elements="59" coveredelements="0"/>
        </class>
        <line num="15" type="method" name="__construct" complexity="1" crap="2.00" count="0"/>
        <line num="16" type="stmt" count="0"/>
        <line num="17" type="stmt" count="0"/>
        <line num="18" type="stmt" count="0"/>
        <line num="19" type="stmt" count="0"/>
        <line num="20" type="stmt" count="0"/>
        <line num="21" type="stmt" count="0"/>
        <line num="22" type="stmt" count="0"/>
        <line num="23" type="stmt" count="0"/>
        <line num="24" type="stmt" count="0"/>
        <line num="26" type="method" name="help" visibility="public" complexity="3" crap="12.00" count="0"/>
        <line num="27" type="stmt" count="0"/>
        <line num="28" type="stmt" count="0"/>
        <line num="30" type="stmt" count="0"/>
        <line num="34" type="stmt" count="0"/>
        <line num="35" type="stmt" count="0"/>
        <line num="36" type="stmt" count="0"/>
        <line num="38" type="stmt" count="0"/>
        <line num="40" type="stmt" count="0"/>
        <line num="41" type="stmt" count="0"/>
        <line num="43" type="stmt" count="0"/>
        <line num="45" type="stmt" count="0"/>
        <line num="46" type="stmt" count="0"/>
        <line num="47" type="stmt" count="0"/>
        <line num="48" type="stmt" count="0"/>
        <line num="50" type="method" name="getHelp" visibility="public" complexity="3" crap="12.00" count="0"/>
        <line num="51" type="stmt" count="0"/>
        <line num="52" type="stmt" count="0"/>
        <line num="53" type="stmt" count="0"/>
        <line num="56" type="stmt" count="0"/>
        <line num="57" type="stmt" count="0"/>
        <line num="59" type="stmt" count="0"/>
        <line num="60" type="stmt" count="0"/>
        <line num="61" type="stmt" count="0"/>
        <line num="63" type="stmt" count="0"/>
        <line num="64" type="stmt" count="0"/>
        <line num="65" type="stmt" count="0"/>
        <line num="66" type="stmt" count="0"/>
        <line num="67" type="stmt" count="0"/>
        <line num="69" type="stmt" count="0"/>
        <line num="71" type="stmt" count="0"/>
        <line num="72" type="stmt" count="0"/>
        <line num="73" type="stmt" count="0"/>
        <line num="75" type="stmt" count="0"/>
        <line num="76" type="stmt" count="0"/>
        <line num="81" type="method" name="_extractCommentForHelp" visibility="private" complexity="1" crap="2.00" count="0"/>
        <line num="82" type="stmt" count="0"/>
        <line num="83" type="stmt" count="0"/>
        <line num="85" type="stmt" count="0"/>
        <line num="86" type="stmt" count="0"/>
        <line num="91" type="method" name="_purifyCommentForHelp" visibility="private" complexity="1" crap="2.00" count="0"/>
        <line num="92" type="stmt" count="0"/>
        <line num="93" type="stmt" count="0"/>
        <line num="94" type="stmt" count="0"/>
        <line num="95" type="stmt" count="0"/>
        <line num="96" type="stmt" count="0"/>
        <line num="97" type="stmt" count="0"/>
        <line num="99" type="stmt" count="0"/>
        <line num="100" type="stmt" count="0"/>
        <metrics loc="101" ncloc="95" classes="1" methods="5" coveredmethods="0" conditionals="0" coveredconditionals="0" statements="54" coveredstatements="0" elements="59" coveredelements="0"/>
      </file>
    </package>
    <package name="enums">
      <file name="C:\work\ccg\app\enums\Config.php">
        <class name="enums\Config" namespace="enums">
          <metrics complexity="0" methods="0" coveredmethods="0" conditionals="0" coveredconditionals="0" statements="0" coveredstatements="0" elements="0" coveredelements="0"/>
        </class>
        <metrics loc="8" ncloc="8" classes="0" methods="0" coveredmethods="0" conditionals="0" coveredconditionals="0" statements="0" coveredstatements="0" elements="0" coveredelements="0"/>
      </file>
    </package>
    <package name="exceptions">
      <file name="C:\work\ccg\app\exceptions\FileAlreadyExistsException.php">
        <class name="exceptions\FileAlreadyExistsException" namespace="exceptions">
          <metrics complexity="0" methods="0" coveredmethods="0" conditionals="0" coveredconditionals="0" statements="0" coveredstatements="0" elements="0" coveredelements="0"/>
        </class>
        <metrics loc="7" ncloc="7" classes="0" methods="0" coveredmethods="0" conditionals="0" coveredconditionals="0" statements="0" coveredstatements="0" elements="0" coveredelements="0"/>
      </file>
    </package>
    <package name="filesystem">
      <file name="C:\work\ccg\app\filesystem\Filesystem.php">
        <class name="filesystem\Filesystem" namespace="filesystem">
          <metrics complexity="14" methods="6" coveredmethods="4" conditionals="0" coveredconditionals="0" statements="33" coveredstatements="28" elements="39" coveredelements="32"/>
        </class>
        <line num="9" type="method" name="exists" visibility="public" complexity="1" crap="1" count="2"/>
        <line num="11" type="stmt" count="2"/>
        <line num="13" type="stmt" count="2"/>
        <line num="16" type="method" name="read" visibility="public" complexity="1" crap="1" count="2"/>
        <line num="18" type="stmt" count="2"/>
        <line num="20" type="stmt" count="2"/>
        <line num="23" type="method" name="delete" visibility="public" complexity="4" crap="4" count="2"/>
        <line num="25" type="stmt" count="2"/>
        <line num="27" type="stmt" count="2"/>
        <line num="28" type="stmt" count="1"/>
        <line num="29" type="stmt" count="1"/>
        <line num="30" type="stmt" count="1"/>
        <line num="31" type="stmt" count="1"/>
        <line num="32" type="stmt" count="1"/>
        <line num="33" type="stmt" count="1"/>
        <line num="35" type="stmt" count="1"/>
        <line num="38" type="stmt" count="1"/>
        <line num="40" type="stmt" count="1"/>
        <line num="44" type="method" name="write" visibility="public" complexity="2" crap="2" count="3"/>
        <line num="46" type="stmt" count="3"/>
        <line num="47" type="stmt" count="3"/>
        <line num="48" type="stmt" count="3"/>
        <line num="49" type="stmt" count="2"/>
        <line num="52" type="stmt" count="3"/>
        <line num="61" type="method" name="rename" visibility="public" complexity="4" crap="4.13" count="1"/>
        <line num="63" type="stmt" count="1"/>
        <line num="64" type="stmt" count="1"/>
        <line num="65" type="stmt" count="1"/>
        <line num="68" type="stmt" count="1"/>
        <line num="69" type="stmt" count="1"/>
        <line num="71" type="stmt" count="1"/>
        <line num="72" type="stmt" count="0"/>
        <line num="75" type="stmt" count="1"/>
        <line num="76" type="stmt" count="1"/>
        <line num="78" type="stmt" count="0"/>
        <line num="87" type="method" name="listDirs" visibility="public" complexity="2" crap="6.00" count="0"/>
        <line num="89" type="stmt" count="0"/>
        <line num="90" type="stmt" count="0"/>
        <line num="93" type="stmt" count="0"/>
        <metrics loc="95" ncloc="84" classes="1" methods="6" coveredmethods="4" conditionals="0" coveredconditionals="0" statements="33" coveredstatements="28" elements="39" coveredelements="32"/>
      </file>
    </package>
    <package name="generators">
      <file name="C:\work\ccg\app\generators\AbstractFileGenerator.php">
        <class name="generators\AbstractFileGenerator" namespace="generators">
          <metrics complexity="7" methods="0" coveredmethods="0" conditionals="0" coveredconditionals="0" statements="0" coveredstatements="0" elements="0" coveredelements="0"/>
        </class>
        <metrics loc="13" ncloc="13" classes="0" methods="0" coveredmethods="0" conditionals="0" coveredconditionals="0" statements="0" coveredstatements="0" elements="0" coveredelements="0"/>
      </file>
      <file name="C:\work\ccg\app\generators\AbstractGenerator.php">
        <class name="generators\AbstractGenerator" namespace="generators">
          <metrics complexity="5" methods="0" coveredmethods="0" conditionals="0" coveredconditionals="0" statements="0" coveredstatements="0" elements="0" coveredelements="0"/>
        </class>
        <metrics loc="32" ncloc="17" classes="0" methods="0" coveredmethods="0" conditionals="0" coveredconditionals="0" statements="0" coveredstatements="0" elements="0" coveredelements="0"/>
      </file>
      <file name="C:\work\ccg\app\generators\FileGenerator.php">
        <class name="generators\FileGenerator" namespace="generators">
          <metrics complexity="12" methods="9" coveredmethods="1" conditionals="0" coveredconditionals="0" statements="27" coveredstatements="5" elements="36" coveredelements="6"/>
        </class>
        <line num="15" type="method" name="__construct" complexity="1" crap="1" count="1"/>
        <line num="20" type="stmt" count="1"/>
        <line num="21" type="stmt" count="1"/>
        <line num="22" type="stmt" count="1"/>
        <line num="23" type="stmt" count="1"/>
        <line num="24" type="stmt" count="1"/>
        <line num="26" type="method" name="readFromTemplate" visibility="public" complexity="2" crap="6.00" count="0"/>
        <line num="28" type="stmt" count="0"/>
        <line num="29" type="stmt" count="0"/>
        <line num="32" type="stmt" count="0"/>
        <line num="33" type="stmt" count="0"/>
        <line num="36" type="stmt" count="0"/>
        <line num="39" type="method" name="read" visibility="public" complexity="1" crap="2.00" count="0"/>
        <line num="41" type="stmt" count="0"/>
        <line num="42" type="stmt" count="0"/>
        <line num="45" type="stmt" count="0"/>
        <line num="48" type="method" name="write" visibility="public" complexity="1" crap="2.00" count="0"/>
        <line num="50" type="stmt" count="0"/>
        <line num="51" type="stmt" count="0"/>
        <line num="52" type="stmt" count="0"/>
        <line num="55" type="stmt" count="0"/>
        <line num="58" type="method" name="exists" visibility="public" complexity="1" crap="2.00" count="0"/>
        <line num="60" type="stmt" count="0"/>
        <line num="63" type="method" name="remove" visibility="public" complexity="1" crap="2.00" count="0"/>
        <line num="65" type="stmt" count="0"/>
        <line num="67" type="stmt" count="0"/>
        <line num="70" type="method" name="throwIfExists" visibility="public" complexity="2" crap="6.00" count="0"/>
        <line num="72" type="stmt" count="0"/>
        <line num="73" type="stmt" count="0"/>
        <line num="76" type="stmt" count="0"/>
        <line num="79" type="method" name="throwIfNotExists" visibility="public" complexity="2" crap="6.00" count="0"/>
        <line num="81" type="stmt" count="0"/>
        <line num="82" type="stmt" count="0"/>
        <line num="85" type="stmt" count="0"/>
        <line num="88" type="method" name="extract" visibility="public" complexity="1" crap="2.00" count="0"/>
        <line num="90" type="stmt" count="0"/>
        <metrics loc="92" ncloc="92" classes="1" methods="9" coveredmethods="1" conditionals="0" coveredconditionals="0" statements="27" coveredstatements="5" elements="36" coveredelements="6"/>
      </file>
      <file name="C:\work\ccg\app\generators\MultipleFileGenerator.php">
        <class name="generators\MultipleFileGenerator" namespace="generators">
          <metrics complexity="16" methods="14" coveredmethods="11" conditionals="0" coveredconditionals="0" statements="38" coveredstatements="31" elements="52" coveredelements="42"/>
        </class>
        <line num="11" type="method" name="__construct" complexity="1" crap="1" count="2"/>
        <line num="13" type="stmt" count="2"/>
        <line num="14" type="stmt" count="2"/>
        <line num="16" type="method" name="addGenerator" visibility="public" complexity="1" crap="1" count="2"/>
        <line num="18" type="stmt" count="2"/>
        <line num="19" type="stmt" count="2"/>
        <line num="21" type="stmt" count="2"/>
        <line num="24" type="method" name="removeGenerator" visibility="public" complexity="1" crap="1" count="1"/>
        <line num="25" type="stmt" count="1"/>
        <line num="28" type="stmt" count="1"/>
        <line num="30" type="stmt" count="1"/>
        <line num="31" type="stmt" count="1"/>
        <line num="33" type="stmt" count="1"/>
        <line num="36" type="method" name="find" visibility="public" complexity="2" crap="2" count="1"/>
        <line num="38" type="stmt" count="1"/>
        <line num="40" type="stmt" count="1"/>
        <line num="41" type="stmt" count="1"/>
        <line num="44" type="stmt" count="1"/>
        <line num="47" type="method" name="excluding" visibility="public" complexity="1" crap="1" count="1"/>
        <line num="48" type="stmt" count="1"/>
        <line num="51" type="method" name="including" visibility="public" complexity="1" crap="1" count="1"/>
        <line num="52" type="stmt" count="1"/>
        <line num="55" type="method" name="each" visibility="public" complexity="1" crap="1" count="1"/>
        <line num="57" type="stmt" count="1"/>
        <line num="59" type="stmt" count="1"/>
        <line num="62" type="method" name="readFromTemplate" visibility="public" complexity="1" crap="1" count="1"/>
        <line num="65" type="stmt" count="1"/>
        <line num="66" type="stmt" count="1"/>
        <line num="68" type="stmt" count="1"/>
        <line num="71" type="method" name="read" visibility="public" complexity="1" crap="1" count="1"/>
        <line num="74" type="stmt" count="1"/>
        <line num="75" type="stmt" count="1"/>
        <line num="77" type="stmt" count="1"/>
        <line num="80" type="method" name="exists" visibility="public" complexity="2" crap="2" count="1"/>
        <line num="83" type="stmt" count="1"/>
        <line num="84" type="stmt" count="1"/>
        <line num="87" type="method" name="remove" visibility="public" complexity="1" crap="2.00" count="0"/>
        <line num="90" type="stmt" count="0"/>
        <line num="91" type="stmt" count="0"/>
        <line num="93" type="stmt" count="0"/>
        <line num="96" type="method" name="throwIfExists" visibility="public" complexity="1" crap="1.04" count="1"/>
        <line num="99" type="stmt" count="1"/>
        <line num="100" type="stmt" count="1"/>
        <line num="102" type="stmt" count="0"/>
        <line num="105" type="method" name="throwIfNotExists" visibility="public" complexity="1" crap="2.00" count="0"/>
        <line num="108" type="stmt" count="0"/>
        <line num="109" type="stmt" count="0"/>
        <line num="111" type="stmt" count="0"/>
        <line num="114" type="method" name="write" visibility="public" complexity="1" crap="1" count="1"/>
        <line num="117" type="stmt" count="1"/>
        <line num="118" type="stmt" count="1"/>
        <line num="120" type="stmt" count="1"/>
        <metrics loc="122" ncloc="122" classes="1" methods="14" coveredmethods="11" conditionals="0" coveredconditionals="0" statements="38" coveredstatements="31" elements="52" coveredelements="42"/>
      </file>
      <file name="C:\work\ccg\app\generators\SimpleXMLElementDecorator.php">
        <class name="generators\SimpleXMLElementDecorator" namespace="generators">
          <metrics complexity="6" methods="6" coveredmethods="1" conditionals="0" coveredconditionals="0" statements="9" coveredstatements="2" elements="15" coveredelements="3"/>
        </class>
        <line num="12" type="method" name="__construct" visibility="public" complexity="1" crap="1" count="1"/>
        <line num="14" type="stmt" count="1"/>
        <line num="15" type="stmt" count="1"/>
        <line num="17" type="method" name="__call" visibility="public" complexity="1" crap="2.00" count="0"/>
        <line num="19" type="stmt" count="0"/>
        <line num="22" type="method" name="__set" visibility="public" complexity="1" crap="2.00" count="0"/>
        <line num="23" type="stmt" count="0"/>
        <line num="24" type="stmt" count="0"/>
        <line num="26" type="method" name="__get" visibility="public" complexity="1" crap="2.00" count="0"/>
        <line num="27" type="stmt" count="0"/>
        <line num="30" type="method" name="__isset" visibility="public" complexity="1" crap="2.00" count="0"/>
        <line num="31" type="stmt" count="0"/>
        <line num="34" type="method" name="__unset" visibility="public" complexity="1" crap="2.00" count="0"/>
        <line num="35" type="stmt" count="0"/>
        <line num="36" type="stmt" count="0"/>
        <metrics loc="37" ncloc="34" classes="1" methods="6" coveredmethods="1" conditionals="0" coveredconditionals="0" statements="9" coveredstatements="2" elements="15" coveredelements="3"/>
      </file>
      <file name="C:\work\ccg\app\generators\Xml.php">
        <class name="generators\XML" namespace="generators">
          <metrics complexity="11" methods="7" coveredmethods="3" conditionals="0" coveredconditionals="0" statements="20" coveredstatements="13" elements="27" coveredelements="16"/>
        </class>
        <line num="16" type="method" name="remove" complexity="1" crap="2.00" count="0"/>
        <line num="18" type="stmt" count="0"/>
        <line num="19" type="stmt" count="0"/>
        <line num="28" type="method" name="setAttribute" visibility="public" complexity="2" crap="2.03" count="1"/>
        <line num="30" type="stmt" count="1"/>
        <line num="32" type="stmt" count="1"/>
        <line num="33" type="stmt" count="0"/>
        <line num="35" type="stmt" count="1"/>
        <line num="38" type="stmt" count="1"/>
        <line num="46" type="method" name="getAttributeValue" visibility="public" complexity="1" crap="1" count="1"/>
        <line num="48" type="stmt" count="1"/>
        <line num="50" type="stmt" count="1"/>
        <line num="59" type="method" name="setUniqueChild" visibility="public" complexity="2" crap="2.03" count="1"/>
        <line num="61" type="stmt" count="1"/>
        <line num="63" type="stmt" count="1"/>
        <line num="65" type="stmt" count="0"/>
        <line num="67" type="stmt" count="1"/>
        <line num="69" type="stmt" count="1"/>
        <line num="76" type="method" name="getSingleElement" visibility="public" complexity="2" crap="2" count="2"/>
        <line num="78" type="stmt" count="2"/>
        <line num="79" type="stmt" count="2"/>
        <line num="82" type="method" name="getElements" visibility="public" complexity="2" crap="6.00" count="0"/>
        <line num="84" type="stmt" count="0"/>
        <line num="87" type="stmt" count="0"/>
        <line num="88" type="stmt" count="0"/>
        <line num="91" type="method" name="getSelf" visibility="public" complexity="1" crap="1" count="2"/>
        <line num="93" type="stmt" count="2"/>
        <metrics loc="95" ncloc="67" classes="1" methods="7" coveredmethods="3" conditionals="0" coveredconditionals="0" statements="20" coveredstatements="13" elements="27" coveredelements="16"/>
      </file>
    </package>
    <package name="generators\AddonXml">
      <file name="C:\work\ccg\app\generators\AddonXml\AddonXmlGenerator.php">
        <class name="generators\AddonXml\AddonXmlGenerator" namespace="generators\AddonXml">
          <metrics complexity="41" methods="28" coveredmethods="19" conditionals="0" coveredconditionals="0" statements="139" coveredstatements="80" elements="167" coveredelements="99"/>
        </class>
        <line num="25" type="method" name="__construct" complexity="1" crap="1" count="3"/>
        <line num="29" type="stmt" count="3"/>
        <line num="30" type="stmt" count="3"/>
        <line num="32" type="method" name="setMediator" visibility="public" complexity="1" crap="1" count="1"/>
        <line num="34" type="stmt" count="1"/>
        <line num="35" type="stmt" count="1"/>
        <line num="37" type="method" name="trigger" visibility="public" complexity="2" crap="6.00" count="0"/>
        <line num="39" type="stmt" count="0"/>
        <line num="40" type="stmt" count="0"/>
        <line num="45" type="method" name="getTemplateFilename" visibility="public" complexity="1" crap="1" count="1"/>
        <line num="47" type="stmt" count="1"/>
        <line num="54" type="method" name="getPath" visibility="public" complexity="2" crap="2.01" count="2"/>
        <line num="56" type="stmt" count="2"/>
        <line num="58" type="stmt" count="2"/>
        <line num="59" type="stmt" count="0"/>
        <line num="62" type="stmt" count="2"/>
        <line num="63" type="stmt" count="2"/>
        <line num="64" type="stmt" count="2"/>
        <line num="66" type="stmt" count="2"/>
        <line num="75" type="method" name="setContent" visibility="public" complexity="2" crap="2" count="1"/>
        <line num="78" type="stmt" count="1"/>
        <line num="79" type="stmt" count="1"/>
        <line num="80" type="stmt" count="1"/>
        <line num="81" type="stmt" count="1"/>
        <line num="84" type="stmt" count="1"/>
        <line num="92" type="method" name="create" visibility="public" complexity="1" crap="1" count="1"/>
        <line num="94" type="stmt" count="1"/>
        <line num="95" type="stmt" count="1"/>
        <line num="96" type="stmt" count="1"/>
        <line num="97" type="stmt" count="1"/>
        <line num="98" type="stmt" count="1"/>
        <line num="99" type="stmt" count="1"/>
        <line num="100" type="stmt" count="1"/>
        <line num="101" type="stmt" count="1"/>
        <line num="102" type="stmt" count="1"/>
        <line num="105" type="stmt" count="1"/>
        <line num="112" type="method" name="createAddon" visibility="public" complexity="1" crap="1" count="1"/>
        <line num="114" type="stmt" count="1"/>
        <line num="115" type="stmt" count="1"/>
        <line num="116" type="stmt" count="1"/>
        <line num="117" type="stmt" count="1"/>
        <line num="119" type="stmt" count="1"/>
        <line num="123" type="stmt" count="1"/>
        <line num="131" type="method" name="getAddon" visibility="public" complexity="2" crap="6.00" count="0"/>
        <line num="133" type="stmt" count="0"/>
        <line num="135" type="stmt" count="0"/>
        <line num="136" type="stmt" count="0"/>
        <line num="139" type="stmt" count="0"/>
        <line num="147" type="method" name="setScheme" visibility="public" complexity="1" crap="1" count="1"/>
        <line num="149" type="stmt" count="1"/>
        <line num="151" type="stmt" count="1"/>
        <line num="159" type="method" name="setEditionType" visibility="public" complexity="1" crap="1" count="1"/>
        <line num="161" type="stmt" count="1"/>
        <line num="163" type="stmt" count="1"/>
        <line num="171" type="method" name="setId" visibility="public" complexity="1" crap="1" count="1"/>
        <line num="173" type="stmt" count="1"/>
        <line num="175" type="stmt" count="1"/>
        <line num="183" type="method" name="setVersion" visibility="public" complexity="1" crap="1" count="1"/>
        <line num="185" type="stmt" count="1"/>
        <line num="187" type="stmt" count="1"/>
        <line num="195" type="method" name="setPriority" visibility="public" complexity="1" crap="1" count="1"/>
        <line num="197" type="stmt" count="1"/>
        <line num="199" type="stmt" count="1"/>
        <line num="207" type="method" name="setStatus" visibility="public" complexity="1" crap="1" count="1"/>
        <line num="209" type="stmt" count="1"/>
        <line num="211" type="stmt" count="1"/>
        <line num="219" type="method" name="setAutoInstall" visibility="public" complexity="1" crap="1" count="1"/>
        <line num="221" type="stmt" count="1"/>
        <line num="223" type="stmt" count="1"/>
        <line num="230" type="method" name="setSettings" visibility="public" complexity="1" crap="1" count="1"/>
        <line num="232" type="stmt" count="1"/>
        <line num="234" type="stmt" count="1"/>
        <line num="241" type="method" name="getSettings" visibility="public" complexity="1" crap="1" count="1"/>
        <line num="243" type="stmt" count="1"/>
        <line num="251" type="method" name="setSettingsLayout" visibility="public" complexity="1" crap="1" count="1"/>
        <line num="253" type="stmt" count="1"/>
        <line num="255" type="stmt" count="1"/>
        <line num="263" type="method" name="addSection" visibility="public" complexity="3" crap="3" count="2"/>
        <line num="265" type="stmt" count="2"/>
        <line num="266" type="stmt" count="1"/>
        <line num="269" type="stmt" count="2"/>
        <line num="271" type="stmt" count="2"/>
        <line num="274" type="stmt" count="2"/>
        <line num="275" type="stmt" count="2"/>
        <line num="276" type="stmt" count="2"/>
        <line num="280" type="stmt" count="2"/>
        <line num="281" type="stmt" count="2"/>
        <line num="283" type="stmt" count="2"/>
        <line num="284" type="stmt" count="2"/>
        <line num="286" type="stmt" count="2"/>
        <line num="287" type="stmt" count="2"/>
        <line num="291" type="stmt" count="2"/>
        <line num="299" type="method" name="getSection" visibility="public" complexity="1" crap="2.00" count="0"/>
        <line num="301" type="stmt" count="0"/>
        <line num="308" type="method" name="getSections" visibility="public" complexity="1" crap="2.00" count="0"/>
        <line num="310" type="stmt" count="0"/>
        <line num="325" type="method" name="_setSetting" visibility="private" complexity="6" crap="42.00" count="0"/>
        <line num="333" type="stmt" count="0"/>
        <line num="334" type="stmt" count="0"/>
        <line num="335" type="stmt" count="0"/>
        <line num="338" type="stmt" count="0"/>
        <line num="340" type="stmt" count="0"/>
        <line num="341" type="stmt" count="0"/>
        <line num="344" type="stmt" count="0"/>
        <line num="346" type="stmt" count="0"/>
        <line num="347" type="stmt" count="0"/>
        <line num="350" type="stmt" count="0"/>
        <line num="351" type="stmt" count="0"/>
        <line num="352" type="stmt" count="0"/>
        <line num="353" type="stmt" count="0"/>
        <line num="354" type="stmt" count="0"/>
        <line num="355" type="stmt" count="0"/>
        <line num="357" type="stmt" count="0"/>
        <line num="358" type="stmt" count="0"/>
        <line num="360" type="stmt" count="0"/>
        <line num="362" type="stmt" count="0"/>
        <line num="364" type="stmt" count="0"/>
        <line num="378" type="method" name="setSetting" visibility="public" complexity="1" crap="1" count="1"/>
        <line num="386" type="stmt" count="1"/>
        <line num="387" type="stmt" count="1"/>
        <line num="388" type="stmt" count="1"/>
        <line num="389" type="stmt" count="1"/>
        <line num="390" type="stmt" count="1"/>
        <line num="391" type="stmt" count="1"/>
        <line num="394" type="stmt" count="1"/>
        <line num="395" type="stmt" count="1"/>
        <line num="397" type="stmt" count="1"/>
        <line num="398" type="stmt" count="1"/>
        <line num="399" type="stmt" count="1"/>
        <line num="400" type="stmt" count="1"/>
        <line num="401" type="stmt" count="1"/>
        <line num="405" type="stmt" count="1"/>
        <line num="420" type="method" name="addSetting" visibility="public" complexity="2" crap="6.00" count="0"/>
        <line num="428" type="stmt" count="0"/>
        <line num="430" type="stmt" count="0"/>
        <line num="431" type="stmt" count="0"/>
        <line num="434" type="stmt" count="0"/>
        <line num="435" type="stmt" count="0"/>
        <line num="436" type="stmt" count="0"/>
        <line num="437" type="stmt" count="0"/>
        <line num="438" type="stmt" count="0"/>
        <line num="439" type="stmt" count="0"/>
        <line num="442" type="stmt" count="0"/>
        <line num="443" type="stmt" count="0"/>
        <line num="445" type="stmt" count="0"/>
        <line num="446" type="stmt" count="0"/>
        <line num="447" type="stmt" count="0"/>
        <line num="448" type="stmt" count="0"/>
        <line num="449" type="stmt" count="0"/>
        <line num="453" type="stmt" count="0"/>
        <line num="464" type="method" name="removeSetting" visibility="public" complexity="2" crap="6.00" count="0"/>
        <line num="466" type="stmt" count="0"/>
        <line num="467" type="stmt" count="0"/>
        <line num="468" type="stmt" count="0"/>
        <line num="471" type="stmt" count="0"/>
        <line num="472" type="stmt" count="0"/>
        <line num="474" type="stmt" count="0"/>
        <line num="475" type="stmt" count="0"/>
        <line num="479" type="stmt" count="0"/>
        <line num="485" type="method" name="toXml" visibility="public" complexity="1" crap="1" count="1"/>
        <line num="487" type="stmt" count="1"/>
        <line num="494" type="method" name="toString" visibility="public" complexity="1" crap="2.00" count="0"/>
        <line num="496" type="stmt" count="0"/>
        <line num="497" type="stmt" count="0"/>
        <line num="498" type="stmt" count="0"/>
        <line num="499" type="stmt" count="0"/>
        <line num="501" type="stmt" count="0"/>
        <metrics loc="503" ncloc="357" classes="1" methods="28" coveredmethods="19" conditionals="0" coveredconditionals="0" statements="139" coveredstatements="80" elements="167" coveredelements="99"/>
      </file>
    </package>
    <package name="generators\AddonXml\exceptions">
      <file name="C:\work\ccg\app\generators\AddonXml\exceptions\DuplicateIdException.php">
        <class name="generators\AddonXml\exceptions\DuplicateIdException" namespace="generators\AddonXml\exceptions">
          <metrics complexity="0" methods="0" coveredmethods="0" conditionals="0" coveredconditionals="0" statements="0" coveredstatements="0" elements="0" coveredelements="0"/>
        </class>
        <metrics loc="7" ncloc="7" classes="0" methods="0" coveredmethods="0" conditionals="0" coveredconditionals="0" statements="0" coveredstatements="0" elements="0" coveredelements="0"/>
      </file>
      <file name="C:\work\ccg\app\generators\AddonXml\exceptions\InvalidAddonXmlException.php">
        <class name="generators\AddonXml\exceptions\InvalidAddonXmlException" namespace="generators\AddonXml\exceptions">
          <metrics complexity="0" methods="0" coveredmethods="0" conditionals="0" coveredconditionals="0" statements="0" coveredstatements="0" elements="0" coveredelements="0"/>
        </class>
        <metrics loc="7" ncloc="7" classes="0" methods="0" coveredmethods="0" conditionals="0" coveredconditionals="0" statements="0" coveredstatements="0" elements="0" coveredelements="0"/>
      </file>
      <file name="C:\work\ccg\app\generators\AddonXml\exceptions\InvalidContentException.php">
        <class name="generators\AddonXml\exceptions\InvalidContentException" namespace="generators\AddonXml\exceptions">
          <metrics complexity="0" methods="0" coveredmethods="0" conditionals="0" coveredconditionals="0" statements="0" coveredstatements="0" elements="0" coveredelements="0"/>
        </class>
        <metrics loc="7" ncloc="7" classes="0" methods="0" coveredmethods="0" conditionals="0" coveredconditionals="0" statements="0" coveredstatements="0" elements="0" coveredelements="0"/>
      </file>
    </package>
    <file name="C:\work\ccg\app\generators\IFileGenerator.php">
      <metrics loc="13" ncloc="13" classes="0" methods="0" coveredmethods="0" conditionals="0" coveredconditionals="0" statements="0" coveredstatements="0" elements="0" coveredelements="0"/>
    </file>
    <package name="generators\Language">
      <file name="C:\work\ccg\app\generators\Language\LanguageGenerator.php">
        <class name="generators\Language\LanguageGenerator" namespace="generators\Language">
          <metrics complexity="42" methods="26" coveredmethods="15" conditionals="0" coveredconditionals="0" statements="112" coveredstatements="89" elements="138" coveredelements="104"/>
        </class>
        <line num="35" type="method" name="__construct" complexity="1" crap="1" count="3"/>
        <line num="37" type="stmt" count="3"/>
        <line num="38" type="stmt" count="3"/>
        <line num="43" type="method" name="getTemplateFilename" visibility="public" complexity="1" crap="1" count="1"/>
        <line num="45" type="stmt" count="1"/>
        <line num="48" type="method" name="setMediator" visibility="public" complexity="1" crap="1" count="1"/>
        <line num="50" type="stmt" count="1"/>
        <line num="51" type="stmt" count="1"/>
        <line num="53" type="method" name="getPath" visibility="public" complexity="2" crap="2.00" count="2"/>
        <line num="55" type="stmt" count="2"/>
        <line num="57" type="stmt" count="2"/>
        <line num="58" type="stmt" count="0"/>
        <line num="61" type="stmt" count="2"/>
        <line num="62" type="stmt" count="2"/>
        <line num="63" type="stmt" count="2"/>
        <line num="65" type="stmt" count="2"/>
        <line num="69" type="stmt" count="2"/>
        <line num="70" type="stmt" count="2"/>
        <line num="72" type="stmt" count="2"/>
        <line num="75" type="stmt" count="2"/>
        <line num="84" type="method" name="checkLanguageSupport" visibility="public" complexity="1" crap="1" count="1"/>
        <line num="86" type="stmt" count="1"/>
        <line num="96" type="method" name="replaceEol" visibility="public" complexity="1" crap="1" count="1"/>
        <line num="98" type="stmt" count="1"/>
        <line num="106" type="method" name="setContent" visibility="public" complexity="1" crap="1" count="4"/>
        <line num="108" type="stmt" count="4"/>
        <line num="110" type="stmt" count="4"/>
        <line num="118" type="method" name="getRecycleBin" visibility="public" complexity="1" crap="2.00" count="0"/>
        <line num="120" type="stmt" count="0"/>
        <line num="128" type="method" name="setRecycleBin" visibility="public" complexity="1" crap="1" count="1"/>
        <line num="130" type="stmt" count="1"/>
        <line num="132" type="stmt" count="1"/>
        <line num="141" type="method" name="appendContent" visibility="public" complexity="2" crap="2" count="1"/>
        <line num="143" type="stmt" count="1"/>
        <line num="144" type="stmt" count="1"/>
        <line num="145" type="stmt" count="1"/>
        <line num="148" type="stmt" count="1"/>
        <line num="156" type="method" name="appendRecycleBin" visibility="public" complexity="2" crap="2" count="1"/>
        <line num="158" type="stmt" count="1"/>
        <line num="159" type="stmt" count="1"/>
        <line num="160" type="stmt" count="1"/>
        <line num="163" type="stmt" count="1"/>
        <line num="172" type="method" name="create" visibility="public" complexity="2" crap="2.00" count="1"/>
        <line num="175" type="stmt" count="1"/>
        <line num="184" type="stmt" count="1"/>
        <line num="186" type="stmt" count="1"/>
        <line num="187" type="stmt" count="0"/>
        <line num="190" type="stmt" count="1"/>
        <line num="191" type="stmt" count="1"/>
        <line num="193" type="stmt" count="1"/>
        <line num="198" type="stmt" count="1"/>
        <line num="199" type="stmt" count="1"/>
        <line num="200" type="stmt" count="1"/>
        <line num="205" type="stmt" count="1"/>
        <line num="207" type="stmt" count="1"/>
        <line num="218" type="method" name="getTranslationKey" visibility="public" complexity="1" crap="1" count="4"/>
        <line num="220" type="stmt" count="4"/>
        <line num="223" type="method" name="getKeyGenerator" visibility="private" complexity="1" crap="1" count="1"/>
        <line num="225" type="stmt" count="1"/>
        <line num="239" type="method" name="findByKey" visibility="public" complexity="1" crap="1" count="2"/>
        <line num="241" type="stmt" count="2"/>
        <line num="255" type="method" name="findByKeyInRecycleBin" visibility="public" complexity="1" crap="2.00" count="0"/>
        <line num="257" type="stmt" count="0"/>
        <line num="271" type="method" name="findByKeyIn" visibility="public" complexity="4" crap="5.40" count="1"/>
        <line num="273" type="stmt" count="1"/>
        <line num="274" type="stmt" count="0"/>
        <line num="277" type="stmt" count="1"/>
        <line num="278" type="stmt" count="1"/>
        <line num="283" type="stmt" count="1"/>
        <line num="284" type="stmt" count="1"/>
        <line num="288" type="stmt" count="0"/>
        <line num="289" type="stmt" count="0"/>
        <line num="290" type="stmt" count="0"/>
        <line num="301" type="method" name="removeByKey" visibility="public" complexity="2" crap="2.00" count="1"/>
        <line num="303" type="stmt" count="1"/>
        <line num="304" type="stmt" count="0"/>
        <line num="307" type="stmt" count="1"/>
        <line num="308" type="stmt" count="1"/>
        <line num="309" type="stmt" count="1"/>
        <line num="311" type="stmt" count="1"/>
        <line num="312" type="stmt" count="1"/>
        <line num="313" type="stmt" count="1"/>
        <line num="314" type="stmt" count="1"/>
        <line num="317" type="stmt" count="1"/>
        <line num="318" type="stmt" count="1"/>
        <line num="320" type="stmt" count="1"/>
        <line num="330" type="method" name="removeById" visibility="public" complexity="2" crap="2.00" count="1"/>
        <line num="332" type="stmt" count="1"/>
        <line num="333" type="stmt" count="0"/>
        <line num="336" type="stmt" count="1"/>
        <line num="337" type="stmt" count="1"/>
        <line num="338" type="stmt" count="1"/>
        <line num="340" type="stmt" count="1"/>
        <line num="341" type="stmt" count="1"/>
        <line num="342" type="stmt" count="1"/>
        <line num="343" type="stmt" count="1"/>
        <line num="346" type="stmt" count="1"/>
        <line num="347" type="stmt" count="1"/>
        <line num="349" type="stmt" count="1"/>
        <line num="358" type="method" name="setEndingNewLine" visibility="public" complexity="4" crap="4.59" count="1"/>
        <line num="360" type="stmt" count="1"/>
        <line num="362" type="stmt" count="1"/>
        <line num="363" type="stmt" count="1"/>
        <line num="364" type="stmt" count="0"/>
        <line num="365" type="stmt" count="0"/>
        <line num="368" type="stmt" count="1"/>
        <line num="375" type="method" name="toString" visibility="public" complexity="1" crap="1" count="4"/>
        <line num="377" type="stmt" count="4"/>
        <line num="390" type="method" name="replaceLangvar" visibility="public" complexity="4" crap="4.59" count="1"/>
        <line num="392" type="stmt" count="1"/>
        <line num="393" type="stmt" count="0"/>
        <line num="396" type="stmt" count="1"/>
        <line num="398" type="stmt" count="1"/>
        <line num="399" type="stmt" count="0"/>
        <line num="401" type="stmt" count="0"/>
        <line num="402" type="stmt" count="0"/>
        <line num="403" type="stmt" count="0"/>
        <line num="406" type="stmt" count="1"/>
        <line num="409" type="stmt" count="1"/>
        <line num="410" type="stmt" count="1"/>
        <line num="411" type="stmt" count="1"/>
        <line num="414" type="stmt" count="1"/>
        <line num="417" type="stmt" count="1"/>
        <line num="419" type="stmt" count="1"/>
        <line num="431" type="method" name="checkForEdited" visibility="public" complexity="1" crap="1" count="1"/>
        <line num="433" type="stmt" count="1"/>
        <line num="434" type="stmt" count="1"/>
        <line num="436" type="stmt" count="1"/>
        <line num="448" type="method" name="addLangvar" visibility="public" complexity="2" crap="6.00" count="0"/>
        <line num="450" type="stmt" count="0"/>
        <line num="451" type="stmt" count="0"/>
        <line num="454" type="stmt" count="0"/>
        <line num="456" type="stmt" count="0"/>
        <line num="466" type="method" name="purify" visibility="public" complexity="1" crap="2.00" count="0"/>
        <line num="468" type="stmt" count="0"/>
        <line num="469" type="stmt" count="0"/>
        <line num="480" type="method" name="clearWhitespaces" visibility="public" complexity="1" crap="1" count="1"/>
        <line num="482" type="stmt" count="1"/>
        <metrics loc="504" ncloc="317" classes="1" methods="26" coveredmethods="15" conditionals="0" coveredconditionals="0" statements="112" coveredstatements="89" elements="138" coveredelements="104"/>
      </file>
    </package>
    <package name="generators\Language\enums">
      <file name="C:\work\ccg\app\generators\Language\enums\LangvarTypes.php">
        <class name="generators\Language\enums\LangvarTypes" namespace="generators\Language\enums">
          <metrics complexity="0" methods="0" coveredmethods="0" conditionals="0" coveredconditionals="0" statements="0" coveredstatements="0" elements="0" coveredelements="0"/>
        </class>
        <metrics loc="13" ncloc="13" classes="0" methods="0" coveredmethods="0" conditionals="0" coveredconditionals="0" statements="0" coveredstatements="0" elements="0" coveredelements="0"/>
      </file>
    </package>
    <package name="generators\Language\exceptions">
      <file name="C:\work\ccg\app\generators\Language\exceptions\DuplicateException.php">
        <class name="generators\Language\exceptions\DuplicateException" namespace="generators\Language\exceptions">
          <metrics complexity="0" methods="0" coveredmethods="0" conditionals="0" coveredconditionals="0" statements="0" coveredstatements="0" elements="0" coveredelements="0"/>
        </class>
        <metrics loc="7" ncloc="7" classes="0" methods="0" coveredmethods="0" conditionals="0" coveredconditionals="0" statements="0" coveredstatements="0" elements="0" coveredelements="0"/>
      </file>
    </package>
    <package name="generators\Language\keyGenerators">
      <file name="C:\work\ccg\app\generators\Language\keyGenerators\AbstractKeyGenerator.php">
        <class name="generators\Language\keyGenerators\AbstractKeyGenerator" namespace="generators\Language\keyGenerators">
          <metrics complexity="1" methods="0" coveredmethods="0" conditionals="0" coveredconditionals="0" statements="0" coveredstatements="0" elements="0" coveredelements="0"/>
        </class>
        <metrics loc="8" ncloc="8" classes="0" methods="0" coveredmethods="0" conditionals="0" coveredconditionals="0" statements="0" coveredstatements="0" elements="0" coveredelements="0"/>
      </file>
      <file name="C:\work\ccg\app\generators\Language\keyGenerators\Addons.php">
        <class name="generators\Language\keyGenerators\Addons" namespace="generators\Language\keyGenerators">
          <metrics complexity="2" methods="1" coveredmethods="0" conditionals="0" coveredconditionals="0" statements="2" coveredstatements="0" elements="3" coveredelements="0"/>
        </class>
        <line num="8" type="method" name="generate" visibility="public" complexity="2" crap="6.00" count="0"/>
        <line num="10" type="stmt" count="0"/>
        <line num="12" type="stmt" count="0"/>
        <metrics loc="14" ncloc="14" classes="1" methods="1" coveredmethods="0" conditionals="0" coveredconditionals="0" statements="2" coveredstatements="0" elements="3" coveredelements="0"/>
      </file>
      <file name="C:\work\ccg\app\generators\Language\keyGenerators\Languages.php">
        <class name="generators\Language\keyGenerators\Languages" namespace="generators\Language\keyGenerators">
          <metrics complexity="2" methods="1" coveredmethods="0" conditionals="0" coveredconditionals="0" statements="2" coveredstatements="0" elements="3" coveredelements="0"/>
        </class>
        <line num="8" type="method" name="generate" visibility="public" complexity="2" crap="6.00" count="0"/>
        <line num="10" type="stmt" count="0"/>
        <line num="12" type="stmt" count="0"/>
        <metrics loc="14" ncloc="14" classes="1" methods="1" coveredmethods="0" conditionals="0" coveredconditionals="0" statements="2" coveredstatements="0" elements="3" coveredelements="0"/>
      </file>
      <file name="C:\work\ccg\app\generators\Language\keyGenerators\ProfileFields.php">
        <class name="generators\Language\keyGenerators\ProfileFields" namespace="generators\Language\keyGenerators">
          <metrics complexity="2" methods="1" coveredmethods="0" conditionals="0" coveredconditionals="0" statements="2" coveredstatements="0" elements="3" coveredelements="0"/>
        </class>
        <line num="8" type="method" name="generate" visibility="public" complexity="2" crap="6.00" count="0"/>
        <line num="10" type="stmt" count="0"/>
        <line num="12" type="stmt" count="0"/>
        <metrics loc="14" ncloc="14" classes="1" methods="1" coveredmethods="0" conditionals="0" coveredconditionals="0" statements="2" coveredstatements="0" elements="3" coveredelements="0"/>
      </file>
      <file name="C:\work\ccg\app\generators\Language\keyGenerators\SettingsOptions.php">
        <class name="generators\Language\keyGenerators\SettingsOptions" namespace="generators\Language\keyGenerators">
          <metrics complexity="2" methods="1" coveredmethods="1" conditionals="0" coveredconditionals="0" statements="2" coveredstatements="2" elements="3" coveredelements="3"/>
        </class>
        <line num="8" type="method" name="generate" visibility="public" complexity="2" crap="2" count="1"/>
        <line num="10" type="stmt" count="1"/>
        <line num="12" type="stmt" count="1"/>
        <metrics loc="14" ncloc="14" classes="1" methods="1" coveredmethods="1" conditionals="0" coveredconditionals="0" statements="2" coveredstatements="2" elements="3" coveredelements="3"/>
      </file>
      <file name="C:\work\ccg\app\generators\Language\keyGenerators\SettingsSections.php">
        <class name="generators\Language\keyGenerators\SettingsSections" namespace="generators\Language\keyGenerators">
          <metrics complexity="2" methods="1" coveredmethods="0" conditionals="0" coveredconditionals="0" statements="2" coveredstatements="0" elements="3" coveredelements="0"/>
        </class>
        <line num="8" type="method" name="generate" visibility="public" complexity="2" crap="6.00" count="0"/>
        <line num="10" type="stmt" count="0"/>
        <line num="12" type="stmt" count="0"/>
        <metrics loc="14" ncloc="14" classes="1" methods="1" coveredmethods="0" conditionals="0" coveredconditionals="0" statements="2" coveredstatements="0" elements="3" coveredelements="0"/>
      </file>
      <file name="C:\work\ccg\app\generators\Language\keyGenerators\SettingsTooltips.php">
        <class name="generators\Language\keyGenerators\SettingsTooltips" namespace="generators\Language\keyGenerators">
          <metrics complexity="2" methods="1" coveredmethods="1" conditionals="0" coveredconditionals="0" statements="2" coveredstatements="2" elements="3" coveredelements="3"/>
        </class>
        <line num="8" type="method" name="generate" visibility="public" complexity="2" crap="2" count="1"/>
        <line num="10" type="stmt" count="1"/>
        <line num="12" type="stmt" count="1"/>
        <metrics loc="14" ncloc="14" classes="1" methods="1" coveredmethods="1" conditionals="0" coveredconditionals="0" statements="2" coveredstatements="2" elements="3" coveredelements="3"/>
      </file>
      <file name="C:\work\ccg\app\generators\Language\keyGenerators\SettingsVariants.php">
        <class name="generators\Language\keyGenerators\SettingsVariants" namespace="generators\Language\keyGenerators">
          <metrics complexity="2" methods="1" coveredmethods="1" conditionals="0" coveredconditionals="0" statements="2" coveredstatements="2" elements="3" coveredelements="3"/>
        </class>
        <line num="8" type="method" name="generate" visibility="public" complexity="2" crap="2" count="1"/>
        <line num="10" type="stmt" count="1"/>
        <line num="12" type="stmt" count="1"/>
        <metrics loc="14" ncloc="14" classes="1" methods="1" coveredmethods="1" conditionals="0" coveredconditionals="0" statements="2" coveredstatements="2" elements="3" coveredelements="3"/>
      </file>
    </package>
    <package name="generators\Readme">
      <file name="C:\work\ccg\app\generators\Readme\ReadmeGenerator.php">
        <class name="generators\Readme\ReadmeGenerator" namespace="generators\Readme">
          <metrics complexity="8" methods="7" coveredmethods="3" conditionals="0" coveredconditionals="0" statements="20" coveredstatements="14" elements="27" coveredelements="17"/>
        </class>
        <line num="22" type="method" name="__construct" complexity="1" crap="1" count="1"/>
        <line num="24" type="stmt" count="1"/>
        <line num="25" type="stmt" count="1"/>
        <line num="30" type="method" name="getTemplateFilename" visibility="public" complexity="1" crap="2.00" count="0"/>
        <line num="32" type="stmt" count="0"/>
        <line num="35" type="method" name="setMediator" visibility="public" complexity="1" crap="2.00" count="0"/>
        <line num="37" type="stmt" count="0"/>
        <line num="38" type="stmt" count="0"/>
        <line num="43" type="method" name="getPath" visibility="public" complexity="2" crap="2.01" count="1"/>
        <line num="45" type="stmt" count="1"/>
        <line num="47" type="stmt" count="1"/>
        <line num="48" type="stmt" count="0"/>
        <line num="51" type="stmt" count="1"/>
        <line num="52" type="stmt" count="1"/>
        <line num="53" type="stmt" count="1"/>
        <line num="55" type="stmt" count="1"/>
        <line num="63" type="method" name="setContent" visibility="public" complexity="1" crap="1" count="1"/>
        <line num="65" type="stmt" count="1"/>
        <line num="67" type="stmt" count="1"/>
        <line num="76" type="method" name="substituteData" visibility="public" complexity="1" crap="2.00" count="0"/>
        <line num="78" type="stmt" count="0"/>
        <line num="80" type="stmt" count="0"/>
        <line num="92" type="method" name="toString" visibility="public" complexity="1" crap="1" count="1"/>
        <line num="94" type="stmt" count="1"/>
        <line num="95" type="stmt" count="1"/>
        <line num="96" type="stmt" count="1"/>
        <line num="97" type="stmt" count="1"/>
        <metrics loc="100" ncloc="73" classes="1" methods="7" coveredmethods="3" conditionals="0" coveredconditionals="0" statements="20" coveredstatements="14" elements="27" coveredelements="17"/>
      </file>
    </package>
    <file name="C:\work\ccg\app\helpers\array.php">
      <line num="13" type="stmt" count="1"/>
      <line num="15" type="stmt" count="1"/>
      <line num="17" type="stmt" count="1"/>
      <line num="19" type="stmt" count="1"/>
      <line num="20" type="stmt" count="1"/>
      <line num="22" type="stmt" count="1"/>
      <line num="26" type="stmt" count="1"/>
      <metrics loc="27" ncloc="19" classes="0" methods="0" coveredmethods="0" conditionals="0" coveredconditionals="0" statements="7" coveredstatements="7" elements="7" coveredelements="7"/>
    </file>
    <file name="C:\work\ccg\app\helpers\file.php">
      <line num="5" type="stmt" count="9"/>
      <line num="6" type="stmt" count="9"/>
      <line num="8" type="stmt" count="9"/>
      <line num="10" type="stmt" count="9"/>
      <line num="11" type="stmt" count="9"/>
      <line num="13" type="stmt" count="0"/>
      <line num="15" type="stmt" count="9"/>
      <line num="16" type="stmt" count="9"/>
      <line num="18" type="stmt" count="0"/>
      <line num="22" type="stmt" count="9"/>
      <line num="23" type="stmt" count="9"/>
      <line num="25" type="stmt" count="1"/>
      <line num="26" type="stmt" count="1"/>
      <line num="27" type="stmt" count="9"/>
      <line num="28" type="stmt" count="0"/>
      <line num="30" type="stmt" count="9"/>
      <line num="31" type="stmt" count="9"/>
      <line num="32" type="stmt" count="9"/>
      <line num="33" type="stmt" count="9"/>
      <line num="34" type="stmt" count="9"/>
      <line num="38" type="stmt" count="9"/>
      <line num="43" type="stmt" count="10"/>
      <metrics loc="44" ncloc="44" classes="0" methods="0" coveredmethods="0" conditionals="0" coveredconditionals="0" statements="22" coveredstatements="19" elements="22" coveredelements="19"/>
    </file>
    <file name="C:\work\ccg\app\helpers\helpers.php">
      <line num="3" type="stmt" count="0"/>
      <line num="4" type="stmt" count="0"/>
      <line num="5" type="stmt" count="0"/>
      <metrics loc="5" ncloc="5" classes="0" methods="0" coveredmethods="0" conditionals="0" coveredconditionals="0" statements="3" coveredstatements="0" elements="3" coveredelements="0"/>
    </file>
    <file name="C:\work\ccg\app\helpers\string.php">
      <line num="11" type="stmt" count="1"/>
      <line num="19" type="stmt" count="1"/>
      <line num="20" type="stmt" count="1"/>
      <line num="21" type="stmt" count="1"/>
      <line num="22" type="stmt" count="1"/>
      <line num="23" type="stmt" count="1"/>
      <line num="37" type="stmt" count="1"/>
      <line num="38" type="stmt" count="7"/>
      <line num="49" type="stmt" count="7"/>
      <line num="51" type="stmt" count="7"/>
      <line num="52" type="stmt" count="7"/>
      <line num="54" type="stmt" count="7"/>
      <line num="55" type="stmt" count="7"/>
      <line num="57" type="stmt" count="7"/>
      <line num="58" type="stmt" count="7"/>
      <line num="59" type="stmt" count="7"/>
      <line num="60" type="stmt" count="1"/>
      <line num="61" type="stmt" count="1"/>
      <line num="62" type="stmt" count="7"/>
      <line num="63" type="stmt" count="1"/>
      <line num="64" type="stmt" count="1"/>
      <line num="67" type="stmt" count="7"/>
      <line num="68" type="stmt" count="7"/>
      <line num="70" type="stmt" count="7"/>
      <line num="73" type="stmt" count="7"/>
      <metrics loc="74" ncloc="50" classes="0" methods="0" coveredmethods="0" conditionals="0" coveredconditionals="0" statements="25" coveredstatements="25" elements="25" coveredelements="25"/>
    </file>
    <package name="mediators">
      <file name="C:\work\ccg\app\mediators\AbstractMediator.php">
        <class name="mediators\AbstractMediator" namespace="mediators">
          <metrics complexity="1" methods="0" coveredmethods="0" conditionals="0" coveredconditionals="0" statements="0" coveredstatements="0" elements="0" coveredelements="0"/>
        </class>
        <metrics loc="8" ncloc="8" classes="0" methods="0" coveredmethods="0" conditionals="0" coveredconditionals="0" statements="0" coveredstatements="0" elements="0" coveredelements="0"/>
      </file>
      <file name="C:\work\ccg\app\mediators\GeneratorMediator.php">
        <class name="mediators\GeneratorMediator" namespace="mediators">
          <metrics complexity="16" methods="5" coveredmethods="2" conditionals="0" coveredconditionals="0" statements="75" coveredstatements="13" elements="80" coveredelements="15"/>
        </class>
        <line num="18" type="method" name="addGenerator" visibility="public" complexity="4" crap="4.06" count="1"/>
        <line num="20" type="stmt" count="1"/>
        <line num="22" type="stmt" count="1"/>
        <line num="23" type="stmt" count="1"/>
        <line num="24" type="stmt" count="1"/>
        <line num="25" type="stmt" count="1"/>
        <line num="26" type="stmt" count="1"/>
        <line num="27" type="stmt" count="1"/>
        <line num="28" type="stmt" count="1"/>
        <line num="29" type="stmt" count="0"/>
        <line num="30" type="stmt" count="0"/>
        <line num="32" type="stmt" count="1"/>
        <line num="35" type="stmt" count="1"/>
        <line num="37" type="stmt" count="1"/>
        <line num="40" type="method" name="getAddonXmlGenerator" visibility="public" complexity="1" crap="1" count="1"/>
        <line num="42" type="stmt" count="1"/>
        <line num="45" type="method" name="getLanguageGenerator" visibility="public" complexity="1" crap="1" count="1"/>
        <line num="47" type="stmt" count="1"/>
        <line num="50" type="method" name="getReadmeGenerator" visibility="public" complexity="1" crap="2.00" count="0"/>
        <line num="52" type="stmt" count="0"/>
        <line num="63" type="method" name="trigger" visibility="public" complexity="9" crap="90.00" count="0"/>
        <line num="65" type="stmt" count="0"/>
        <line num="67" type="stmt" count="0"/>
        <line num="68" type="stmt" count="0"/>
        <line num="69" type="stmt" count="0"/>
        <line num="70" type="stmt" count="0"/>
        <line num="71" type="stmt" count="0"/>
        <line num="72" type="stmt" count="0"/>
        <line num="73" type="stmt" count="0"/>
        <line num="74" type="stmt" count="0"/>
        <line num="76" type="stmt" count="0"/>
        <line num="78" type="stmt" count="0"/>
        <line num="79" type="stmt" count="0"/>
        <line num="80" type="stmt" count="0"/>
        <line num="81" type="stmt" count="0"/>
        <line num="82" type="stmt" count="0"/>
        <line num="84" type="stmt" count="0"/>
        <line num="86" type="stmt" count="0"/>
        <line num="87" type="stmt" count="0"/>
        <line num="88" type="stmt" count="0"/>
        <line num="90" type="stmt" count="0"/>
        <line num="91" type="stmt" count="0"/>
        <line num="92" type="stmt" count="0"/>
        <line num="93" type="stmt" count="0"/>
        <line num="94" type="stmt" count="0"/>
        <line num="95" type="stmt" count="0"/>
        <line num="96" type="stmt" count="0"/>
        <line num="98" type="stmt" count="0"/>
        <line num="100" type="stmt" count="0"/>
        <line num="101" type="stmt" count="0"/>
        <line num="102" type="stmt" count="0"/>
        <line num="103" type="stmt" count="0"/>
        <line num="104" type="stmt" count="0"/>
        <line num="106" type="stmt" count="0"/>
        <line num="109" type="stmt" count="0"/>
        <line num="110" type="stmt" count="0"/>
        <line num="111" type="stmt" count="0"/>
        <line num="112" type="stmt" count="0"/>
        <line num="113" type="stmt" count="0"/>
        <line num="114" type="stmt" count="0"/>
        <line num="115" type="stmt" count="0"/>
        <line num="116" type="stmt" count="0"/>
        <line num="117" type="stmt" count="0"/>
        <line num="119" type="stmt" count="0"/>
        <line num="124" type="stmt" count="0"/>
        <line num="125" type="stmt" count="0"/>
        <line num="126" type="stmt" count="0"/>
        <line num="127" type="stmt" count="0"/>
        <line num="128" type="stmt" count="0"/>
        <line num="129" type="stmt" count="0"/>
        <line num="130" type="stmt" count="0"/>
        <line num="131" type="stmt" count="0"/>
        <line num="132" type="stmt" count="0"/>
        <line num="133" type="stmt" count="0"/>
        <line num="134" type="stmt" count="0"/>
        <line num="135" type="stmt" count="0"/>
        <line num="136" type="stmt" count="0"/>
        <line num="138" type="stmt" count="0"/>
        <line num="140" type="stmt" count="0"/>
        <line num="142" type="stmt" count="0"/>
        <metrics loc="143" ncloc="135" classes="1" methods="5" coveredmethods="2" conditionals="0" coveredconditionals="0" statements="75" coveredstatements="13" elements="80" coveredelements="15"/>
      </file>
    </package>
    <file name="C:\work\ccg\app\mediators\ICanNotify.php">
      <metrics loc="8" ncloc="8" classes="0" methods="0" coveredmethods="0" conditionals="0" coveredconditionals="0" statements="0" coveredstatements="0" elements="0" coveredelements="0"/>
    </file>
    <package name="terminal">
      <file name="C:\work\ccg\app\terminal\Terminal.php">
        <class name="terminal\Terminal" namespace="terminal">
          <metrics complexity="32" methods="17" coveredmethods="13" conditionals="0" coveredconditionals="0" statements="84" coveredstatements="51" elements="101" coveredelements="64"/>
        </class>
        <line num="14" type="method" name="__construct" visibility="public" complexity="1" crap="1" count="6"/>
        <line num="16" type="stmt" count="6"/>
        <line num="17" type="stmt" count="6"/>
        <line num="19" type="stmt" count="6"/>
        <line num="20" type="stmt" count="6"/>
        <line num="22" type="stmt" count="6"/>
        <line num="23" type="stmt" count="6"/>
        <line num="25" type="method" name="addBuffer" visibility="public" complexity="1" crap="1" count="2"/>
        <line num="27" type="stmt" count="2"/>
        <line num="28" type="stmt" count="2"/>
        <line num="30" type="method" name="getBuffer" visibility="public" complexity="1" crap="1" count="2"/>
        <line num="32" type="stmt" count="2"/>
        <line num="35" type="method" name="echo" visibility="public" complexity="3" crap="3" count="7"/>
        <line num="37" type="stmt" count="7"/>
        <line num="38" type="stmt" count="1"/>
        <line num="41" type="stmt" count="7"/>
        <line num="42" type="stmt" count="2"/>
        <line num="44" type="stmt" count="6"/>
        <line num="46" type="stmt" count="7"/>
        <line num="48" type="method" name="diff" visibility="public" complexity="5" crap="30.00" count="0"/>
        <line num="50" type="stmt" count="0"/>
        <line num="51" type="stmt" count="0"/>
        <line num="52" type="stmt" count="0"/>
        <line num="54" type="stmt" count="0"/>
        <line num="55" type="stmt" count="0"/>
        <line num="56" type="stmt" count="0"/>
        <line num="57" type="stmt" count="0"/>
        <line num="58" type="stmt" count="0"/>
        <line num="60" type="stmt" count="0"/>
        <line num="63" type="stmt" count="0"/>
        <line num="65" type="stmt" count="0"/>
        <line num="68" type="stmt" count="0"/>
        <line num="69" type="stmt" count="0"/>
        <line num="71" type="stmt" count="0"/>
        <line num="73" type="stmt" count="0"/>
        <line num="75" type="method" name="info" visibility="public" complexity="2" crap="2" count="2"/>
        <line num="77" type="stmt" count="2"/>
        <line num="79" type="stmt" count="2"/>
        <line num="80" type="stmt" count="2"/>
        <line num="82" type="stmt" count="2"/>
        <line num="84" type="stmt" count="2"/>
        <line num="86" type="method" name="success" visibility="public" complexity="2" crap="2" count="2"/>
        <line num="88" type="stmt" count="2"/>
        <line num="90" type="stmt" count="2"/>
        <line num="91" type="stmt" count="2"/>
        <line num="93" type="stmt" count="2"/>
        <line num="95" type="stmt" count="2"/>
        <line num="97" type="method" name="warning" visibility="public" complexity="2" crap="2" count="2"/>
        <line num="99" type="stmt" count="2"/>
        <line num="101" type="stmt" count="2"/>
        <line num="102" type="stmt" count="2"/>
        <line num="104" type="stmt" count="2"/>
        <line num="106" type="stmt" count="2"/>
        <line num="108" type="method" name="error" visibility="public" complexity="2" crap="2" count="2"/>
        <line num="110" type="stmt" count="2"/>
        <line num="112" type="stmt" count="2"/>
        <line num="113" type="stmt" count="2"/>
        <line num="115" type="stmt" count="2"/>
        <line num="117" type="stmt" count="2"/>
        <line num="119" type="method" name="forceOutput" visibility="public" complexity="1" crap="1" count="1"/>
        <line num="121" type="stmt" count="1"/>
        <line num="122" type="stmt" count="1"/>
        <line num="124" type="stmt" count="1"/>
        <line num="134" type="method" name="confirm" visibility="public" complexity="2" crap="6.00" count="0"/>
        <line num="141" type="stmt" count="0"/>
        <line num="142" type="stmt" count="0"/>
        <line num="143" type="stmt" count="0"/>
        <line num="145" type="stmt" count="0"/>
        <line num="146" type="stmt" count="0"/>
        <line num="147" type="stmt" count="0"/>
        <line num="148" type="stmt" count="0"/>
        <line num="151" type="stmt" count="0"/>
        <line num="152" type="stmt" count="0"/>
        <line num="153" type="stmt" count="0"/>
        <line num="158" type="method" name="requestSetting" visibility="public" complexity="2" crap="6.00" count="0"/>
        <line num="164" type="stmt" count="0"/>
        <line num="165" type="stmt" count="0"/>
        <line num="166" type="stmt" count="0"/>
        <line num="167" type="stmt" count="0"/>
        <line num="169" type="stmt" count="0"/>
        <line num="170" type="stmt" count="0"/>
        <line num="171" type="stmt" count="0"/>
        <line num="173" type="method" name="expectParams" visibility="public" complexity="1" crap="2.00" count="0"/>
        <line num="187" type="stmt" count="0"/>
        <line num="196" type="method" name="setArguments" visibility="public" complexity="1" crap="1" count="6"/>
        <line num="198" type="stmt" count="6"/>
        <line num="199" type="stmt" count="6"/>
        <line num="206" type="method" name="getArguments" visibility="public" complexity="1" crap="1" count="2"/>
        <line num="208" type="stmt" count="2"/>
        <line num="216" type="method" name="parseArguments" visibility="private" complexity="3" crap="3" count="6"/>
        <line num="218" type="stmt" count="6"/>
        <line num="219" type="stmt" count="6"/>
        <line num="220" type="stmt" count="6"/>
        <line num="221" type="stmt" count="6"/>
        <line num="224" type="stmt" count="6"/>
        <line num="225" type="stmt" count="6"/>
        <line num="227" type="stmt" count="6"/>
        <line num="228" type="stmt" count="6"/>
        <line num="235" type="method" name="isAutocomplete" visibility="public" complexity="2" crap="2" count="1"/>
        <line num="238" type="stmt" count="1"/>
        <line num="239" type="stmt" count="1"/>
        <metrics loc="242" ncloc="184" classes="1" methods="17" coveredmethods="13" conditionals="0" coveredconditionals="0" statements="84" coveredstatements="51" elements="101" coveredelements="64"/>
      </file>
    </package>
    <metrics files="42" loc="3418" ncloc="2630" classes="25" methods="169" coveredmethods="79" conditionals="0" coveredconditionals="0" statements="1144" coveredstatements="403" elements="1313" coveredelements="482"/>
  </project>
</coverage>
